mode: set
github.com/mohit2530/communityCare/handler/AssetSummaryHandler.go:21.76,25.18 2 1
github.com/mohit2530/communityCare/handler/AssetSummaryHandler.go:25.18,30.3 4 1
github.com/mohit2530/communityCare/handler/AssetSummaryHandler.go:31.2,32.16 2 1
github.com/mohit2530/communityCare/handler/AssetSummaryHandler.go:32.16,37.3 4 1
github.com/mohit2530/communityCare/handler/AssetSummaryHandler.go:38.2,40.34 3 1
github.com/mohit2530/communityCare/handler/CategoriesHandler.go:26.77,31.18 3 1
github.com/mohit2530/communityCare/handler/CategoriesHandler.go:31.18,36.3 4 1
github.com/mohit2530/communityCare/handler/CategoriesHandler.go:37.2,38.16 2 1
github.com/mohit2530/communityCare/handler/CategoriesHandler.go:38.16,40.3 1 0
github.com/mohit2530/communityCare/handler/CategoriesHandler.go:41.2,42.16 2 1
github.com/mohit2530/communityCare/handler/CategoriesHandler.go:42.16,47.3 4 1
github.com/mohit2530/communityCare/handler/CategoriesHandler.go:48.2,50.34 3 1
github.com/mohit2530/communityCare/handler/CategoriesHandler.go:64.72,69.18 3 1
github.com/mohit2530/communityCare/handler/CategoriesHandler.go:69.18,74.3 4 1
github.com/mohit2530/communityCare/handler/CategoriesHandler.go:76.2,76.22 1 1
github.com/mohit2530/communityCare/handler/CategoriesHandler.go:76.22,81.3 4 1
github.com/mohit2530/communityCare/handler/CategoriesHandler.go:83.2,84.16 2 0
github.com/mohit2530/communityCare/handler/CategoriesHandler.go:84.16,89.3 4 0
github.com/mohit2530/communityCare/handler/CategoriesHandler.go:90.2,92.34 3 0
github.com/mohit2530/communityCare/handler/CategoriesHandler.go:106.80,112.18 4 1
github.com/mohit2530/communityCare/handler/CategoriesHandler.go:112.18,117.3 4 1
github.com/mohit2530/communityCare/handler/CategoriesHandler.go:119.2,119.22 1 1
github.com/mohit2530/communityCare/handler/CategoriesHandler.go:119.22,124.3 4 1
github.com/mohit2530/communityCare/handler/CategoriesHandler.go:126.2,127.16 2 1
github.com/mohit2530/communityCare/handler/CategoriesHandler.go:127.16,129.3 1 1
github.com/mohit2530/communityCare/handler/CategoriesHandler.go:131.2,132.16 2 1
github.com/mohit2530/communityCare/handler/CategoriesHandler.go:132.16,137.3 4 0
github.com/mohit2530/communityCare/handler/CategoriesHandler.go:138.2,140.34 3 1
github.com/mohit2530/communityCare/handler/CategoriesHandler.go:170.75,175.16 4 1
github.com/mohit2530/communityCare/handler/CategoriesHandler.go:175.16,180.3 4 1
github.com/mohit2530/communityCare/handler/CategoriesHandler.go:181.2,182.16 2 1
github.com/mohit2530/communityCare/handler/CategoriesHandler.go:182.16,187.3 4 1
github.com/mohit2530/communityCare/handler/CategoriesHandler.go:188.2,190.34 3 1
github.com/mohit2530/communityCare/handler/CategoriesHandler.go:215.79,220.16 4 0
github.com/mohit2530/communityCare/handler/CategoriesHandler.go:220.16,225.3 4 0
github.com/mohit2530/communityCare/handler/CategoriesHandler.go:226.2,227.16 2 0
github.com/mohit2530/communityCare/handler/CategoriesHandler.go:227.16,232.3 4 0
github.com/mohit2530/communityCare/handler/CategoriesHandler.go:233.2,235.34 3 0
github.com/mohit2530/communityCare/handler/CategoriesHandler.go:265.75,270.16 4 1
github.com/mohit2530/communityCare/handler/CategoriesHandler.go:270.16,275.3 4 1
github.com/mohit2530/communityCare/handler/CategoriesHandler.go:276.2,277.16 2 1
github.com/mohit2530/communityCare/handler/CategoriesHandler.go:277.16,282.3 4 1
github.com/mohit2530/communityCare/handler/CategoriesHandler.go:283.2,285.34 3 1
github.com/mohit2530/communityCare/handler/CategoriesHandler.go:305.75,310.26 3 1
github.com/mohit2530/communityCare/handler/CategoriesHandler.go:310.26,315.3 4 1
github.com/mohit2530/communityCare/handler/CategoriesHandler.go:317.2,318.16 2 1
github.com/mohit2530/communityCare/handler/CategoriesHandler.go:318.16,324.3 4 1
github.com/mohit2530/communityCare/handler/CategoriesHandler.go:325.2,327.40 3 1
github.com/mohit2530/communityCare/handler/InventoriesHandler.go:26.78,31.22 3 1
github.com/mohit2530/communityCare/handler/InventoriesHandler.go:31.22,36.3 4 1
github.com/mohit2530/communityCare/handler/InventoriesHandler.go:38.2,39.16 2 1
github.com/mohit2530/communityCare/handler/InventoriesHandler.go:39.16,44.3 4 1
github.com/mohit2530/communityCare/handler/InventoriesHandler.go:45.2,47.34 3 1
github.com/mohit2530/communityCare/handler/InventoriesHandler.go:60.77,66.22 4 0
github.com/mohit2530/communityCare/handler/InventoriesHandler.go:66.22,71.3 4 0
github.com/mohit2530/communityCare/handler/InventoriesHandler.go:72.2,72.21 1 0
github.com/mohit2530/communityCare/handler/InventoriesHandler.go:72.21,77.3 4 0
github.com/mohit2530/communityCare/handler/InventoriesHandler.go:79.2,80.16 2 0
github.com/mohit2530/communityCare/handler/InventoriesHandler.go:80.16,85.3 4 0
github.com/mohit2530/communityCare/handler/InventoriesHandler.go:87.2,89.34 3 0
github.com/mohit2530/communityCare/handler/InventoriesHandler.go:115.79,119.22 3 0
github.com/mohit2530/communityCare/handler/InventoriesHandler.go:119.22,124.3 4 0
github.com/mohit2530/communityCare/handler/InventoriesHandler.go:126.2,127.70 2 0
github.com/mohit2530/communityCare/handler/InventoriesHandler.go:127.70,131.3 3 0
github.com/mohit2530/communityCare/handler/InventoriesHandler.go:133.2,134.33 2 0
github.com/mohit2530/communityCare/handler/InventoriesHandler.go:134.33,152.3 2 0
github.com/mohit2530/communityCare/handler/InventoriesHandler.go:154.2,162.16 3 0
github.com/mohit2530/communityCare/handler/InventoriesHandler.go:162.16,166.3 3 0
github.com/mohit2530/communityCare/handler/InventoriesHandler.go:168.2,170.34 3 0
github.com/mohit2530/communityCare/handler/InventoriesHandler.go:195.76,199.22 3 1
github.com/mohit2530/communityCare/handler/InventoriesHandler.go:199.22,204.3 4 1
github.com/mohit2530/communityCare/handler/InventoriesHandler.go:206.2,207.67 2 1
github.com/mohit2530/communityCare/handler/InventoriesHandler.go:207.67,211.3 3 1
github.com/mohit2530/communityCare/handler/InventoriesHandler.go:213.2,214.16 2 1
github.com/mohit2530/communityCare/handler/InventoriesHandler.go:214.16,218.3 3 0
github.com/mohit2530/communityCare/handler/InventoriesHandler.go:220.2,222.34 3 1
github.com/mohit2530/communityCare/handler/InventoriesHandler.go:247.84,251.22 3 1
github.com/mohit2530/communityCare/handler/InventoriesHandler.go:251.22,256.3 4 1
github.com/mohit2530/communityCare/handler/InventoriesHandler.go:258.2,259.67 2 1
github.com/mohit2530/communityCare/handler/InventoriesHandler.go:259.67,263.3 3 1
github.com/mohit2530/communityCare/handler/InventoriesHandler.go:265.2,266.16 2 1
github.com/mohit2530/communityCare/handler/InventoriesHandler.go:266.16,270.3 3 0
github.com/mohit2530/communityCare/handler/InventoriesHandler.go:272.2,274.34 3 1
github.com/mohit2530/communityCare/handler/InventoriesHandler.go:299.84,303.22 3 1
github.com/mohit2530/communityCare/handler/InventoriesHandler.go:303.22,308.3 4 1
github.com/mohit2530/communityCare/handler/InventoriesHandler.go:310.2,311.79 2 1
github.com/mohit2530/communityCare/handler/InventoriesHandler.go:311.79,315.3 3 1
github.com/mohit2530/communityCare/handler/InventoriesHandler.go:317.2,318.42 2 1
github.com/mohit2530/communityCare/handler/InventoriesHandler.go:318.42,320.3 1 1
github.com/mohit2530/communityCare/handler/InventoriesHandler.go:322.2,323.16 2 1
github.com/mohit2530/communityCare/handler/InventoriesHandler.go:323.16,327.3 3 0
github.com/mohit2530/communityCare/handler/InventoriesHandler.go:329.2,331.34 3 1
github.com/mohit2530/communityCare/handler/MaintenancePlan.go:28.83,33.18 3 1
github.com/mohit2530/communityCare/handler/MaintenancePlan.go:33.18,38.3 4 1
github.com/mohit2530/communityCare/handler/MaintenancePlan.go:39.2,40.16 2 1
github.com/mohit2530/communityCare/handler/MaintenancePlan.go:40.16,42.3 1 0
github.com/mohit2530/communityCare/handler/MaintenancePlan.go:43.2,44.16 2 1
github.com/mohit2530/communityCare/handler/MaintenancePlan.go:44.16,49.3 4 1
github.com/mohit2530/communityCare/handler/MaintenancePlan.go:50.2,52.34 3 1
github.com/mohit2530/communityCare/handler/MaintenancePlan.go:66.87,72.18 4 0
github.com/mohit2530/communityCare/handler/MaintenancePlan.go:72.18,77.3 4 0
github.com/mohit2530/communityCare/handler/MaintenancePlan.go:79.2,79.29 1 0
github.com/mohit2530/communityCare/handler/MaintenancePlan.go:79.29,84.3 4 0
github.com/mohit2530/communityCare/handler/MaintenancePlan.go:86.2,87.16 2 0
github.com/mohit2530/communityCare/handler/MaintenancePlan.go:87.16,89.3 1 0
github.com/mohit2530/communityCare/handler/MaintenancePlan.go:91.2,92.16 2 0
github.com/mohit2530/communityCare/handler/MaintenancePlan.go:92.16,97.3 4 0
github.com/mohit2530/communityCare/handler/MaintenancePlan.go:98.2,100.34 3 0
github.com/mohit2530/communityCare/handler/MaintenancePlan.go:125.86,130.16 4 0
github.com/mohit2530/communityCare/handler/MaintenancePlan.go:130.16,135.3 4 0
github.com/mohit2530/communityCare/handler/MaintenancePlan.go:136.2,137.16 2 0
github.com/mohit2530/communityCare/handler/MaintenancePlan.go:137.16,142.3 4 0
github.com/mohit2530/communityCare/handler/MaintenancePlan.go:143.2,145.34 3 0
github.com/mohit2530/communityCare/handler/MaintenancePlan.go:175.82,180.16 4 1
github.com/mohit2530/communityCare/handler/MaintenancePlan.go:180.16,185.3 4 1
github.com/mohit2530/communityCare/handler/MaintenancePlan.go:186.2,187.16 2 1
github.com/mohit2530/communityCare/handler/MaintenancePlan.go:187.16,192.3 4 1
github.com/mohit2530/communityCare/handler/MaintenancePlan.go:193.2,195.34 3 1
github.com/mohit2530/communityCare/handler/MaintenancePlan.go:225.82,230.16 4 1
github.com/mohit2530/communityCare/handler/MaintenancePlan.go:230.16,235.3 4 1
github.com/mohit2530/communityCare/handler/MaintenancePlan.go:236.2,237.16 2 1
github.com/mohit2530/communityCare/handler/MaintenancePlan.go:237.16,242.3 4 1
github.com/mohit2530/communityCare/handler/MaintenancePlan.go:243.2,245.34 3 1
github.com/mohit2530/communityCare/handler/MaintenancePlan.go:265.82,270.33 3 1
github.com/mohit2530/communityCare/handler/MaintenancePlan.go:270.33,275.3 4 1
github.com/mohit2530/communityCare/handler/MaintenancePlan.go:277.2,278.16 2 1
github.com/mohit2530/communityCare/handler/MaintenancePlan.go:278.16,284.3 4 1
github.com/mohit2530/communityCare/handler/MaintenancePlan.go:285.2,287.47 3 1
github.com/mohit2530/communityCare/handler/NotesHandler.go:31.69,34.25 3 1
github.com/mohit2530/communityCare/handler/NotesHandler.go:34.25,39.3 4 1
github.com/mohit2530/communityCare/handler/NotesHandler.go:41.2,42.16 2 1
github.com/mohit2530/communityCare/handler/NotesHandler.go:42.16,47.3 4 1
github.com/mohit2530/communityCare/handler/NotesHandler.go:49.2,50.16 2 1
github.com/mohit2530/communityCare/handler/NotesHandler.go:50.16,55.3 4 1
github.com/mohit2530/communityCare/handler/NotesHandler.go:56.2,58.34 3 1
github.com/mohit2530/communityCare/handler/NotesHandler.go:83.71,87.22 3 1
github.com/mohit2530/communityCare/handler/NotesHandler.go:87.22,92.3 4 1
github.com/mohit2530/communityCare/handler/NotesHandler.go:94.2,95.62 2 1
github.com/mohit2530/communityCare/handler/NotesHandler.go:95.62,99.3 3 1
github.com/mohit2530/communityCare/handler/NotesHandler.go:101.2,102.16 2 1
github.com/mohit2530/communityCare/handler/NotesHandler.go:102.16,106.3 3 1
github.com/mohit2530/communityCare/handler/NotesHandler.go:108.2,110.34 3 1
github.com/mohit2530/communityCare/handler/NotesHandler.go:135.71,139.22 3 1
github.com/mohit2530/communityCare/handler/NotesHandler.go:139.22,144.3 4 1
github.com/mohit2530/communityCare/handler/NotesHandler.go:146.2,147.62 2 1
github.com/mohit2530/communityCare/handler/NotesHandler.go:147.62,151.3 3 1
github.com/mohit2530/communityCare/handler/NotesHandler.go:153.2,154.16 2 1
github.com/mohit2530/communityCare/handler/NotesHandler.go:154.16,158.3 3 1
github.com/mohit2530/communityCare/handler/NotesHandler.go:160.2,162.34 3 1
github.com/mohit2530/communityCare/handler/NotesHandler.go:182.71,187.22 4 1
github.com/mohit2530/communityCare/handler/NotesHandler.go:187.22,192.3 4 1
github.com/mohit2530/communityCare/handler/NotesHandler.go:194.2,194.22 1 1
github.com/mohit2530/communityCare/handler/NotesHandler.go:194.22,199.3 4 0
github.com/mohit2530/communityCare/handler/NotesHandler.go:201.2,205.16 4 1
github.com/mohit2530/communityCare/handler/NotesHandler.go:205.16,209.3 3 0
github.com/mohit2530/communityCare/handler/NotesHandler.go:211.2,213.37 3 1
github.com/mohit2530/communityCare/handler/ProfileHandler.go:27.82,31.2 3 1
github.com/mohit2530/communityCare/handler/ProfileHandler.go:43.79,46.16 2 1
github.com/mohit2530/communityCare/handler/ProfileHandler.go:46.16,52.3 4 1
github.com/mohit2530/communityCare/handler/ProfileHandler.go:53.2,55.34 3 1
github.com/mohit2530/communityCare/handler/ProfileHandler.go:75.71,80.22 3 1
github.com/mohit2530/communityCare/handler/ProfileHandler.go:80.22,85.3 4 0
github.com/mohit2530/communityCare/handler/ProfileHandler.go:87.2,88.16 2 1
github.com/mohit2530/communityCare/handler/ProfileHandler.go:88.16,94.3 4 1
github.com/mohit2530/communityCare/handler/ProfileHandler.go:95.2,97.34 3 1
github.com/mohit2530/communityCare/handler/ProfileHandler.go:117.72,122.22 3 1
github.com/mohit2530/communityCare/handler/ProfileHandler.go:122.22,127.3 4 0
github.com/mohit2530/communityCare/handler/ProfileHandler.go:129.2,130.16 2 1
github.com/mohit2530/communityCare/handler/ProfileHandler.go:130.16,136.3 4 1
github.com/mohit2530/communityCare/handler/ProfileHandler.go:139.2,143.38 4 1
github.com/mohit2530/communityCare/handler/ProfileHandler.go:163.74,167.22 3 1
github.com/mohit2530/communityCare/handler/ProfileHandler.go:167.22,172.3 4 0
github.com/mohit2530/communityCare/handler/ProfileHandler.go:174.2,175.72 2 1
github.com/mohit2530/communityCare/handler/ProfileHandler.go:175.72,179.3 3 1
github.com/mohit2530/communityCare/handler/ProfileHandler.go:181.2,182.16 2 1
github.com/mohit2530/communityCare/handler/ProfileHandler.go:182.16,186.3 3 0
github.com/mohit2530/communityCare/handler/ProfileHandler.go:188.2,190.34 3 1
github.com/mohit2530/communityCare/handler/ProfileHandler.go:215.80,218.22 3 0
github.com/mohit2530/communityCare/handler/ProfileHandler.go:218.22,223.3 4 0
github.com/mohit2530/communityCare/handler/ProfileHandler.go:225.2,226.16 2 0
github.com/mohit2530/communityCare/handler/ProfileHandler.go:226.16,230.3 3 0
github.com/mohit2530/communityCare/handler/ProfileHandler.go:232.2,233.16 2 0
github.com/mohit2530/communityCare/handler/ProfileHandler.go:233.16,237.3 3 0
github.com/mohit2530/communityCare/handler/ProfileHandler.go:238.2,242.16 3 0
github.com/mohit2530/communityCare/handler/ProfileHandler.go:242.16,245.3 2 0
github.com/mohit2530/communityCare/handler/ProfileHandler.go:247.2,248.16 2 0
github.com/mohit2530/communityCare/handler/ProfileHandler.go:248.16,252.3 3 0
github.com/mohit2530/communityCare/handler/ProfileHandler.go:254.2,256.34 3 0
github.com/mohit2530/communityCare/handler/RecentActivities.go:23.80,30.18 5 1
github.com/mohit2530/communityCare/handler/RecentActivities.go:30.18,35.3 4 0
github.com/mohit2530/communityCare/handler/RecentActivities.go:37.2,38.16 2 1
github.com/mohit2530/communityCare/handler/RecentActivities.go:38.16,43.3 4 1
github.com/mohit2530/communityCare/handler/RecentActivities.go:45.2,46.16 2 1
github.com/mohit2530/communityCare/handler/RecentActivities.go:46.16,52.3 4 0
github.com/mohit2530/communityCare/handler/RecentActivities.go:53.2,55.34 3 1
github.com/mohit2530/communityCare/handler/Statuses.go:24.87,28.2 3 1
github.com/mohit2530/communityCare/handler/Statuses.go:40.74,45.44 3 1
github.com/mohit2530/communityCare/handler/Statuses.go:45.44,50.3 4 0
github.com/mohit2530/communityCare/handler/Statuses.go:52.2,53.16 2 1
github.com/mohit2530/communityCare/handler/Statuses.go:53.16,59.3 4 1
github.com/mohit2530/communityCare/handler/Statuses.go:60.2,62.34 3 1
github.com/mohit2530/communityCare/handler/StorageLocationHandler.go:24.90,28.2 3 1
github.com/mohit2530/communityCare/handler/StorageLocationHandler.go:40.83,43.16 2 1
github.com/mohit2530/communityCare/handler/StorageLocationHandler.go:43.16,49.3 4 1
github.com/mohit2530/communityCare/handler/StorageLocationHandler.go:50.2,52.34 3 1
github.com/mohit2530/communityCare/handler/UserHandler.go:37.54,42.16 4 1
github.com/mohit2530/communityCare/handler/UserHandler.go:42.16,47.3 4 0
github.com/mohit2530/communityCare/handler/UserHandler.go:48.2,48.72 1 1
github.com/mohit2530/communityCare/handler/UserHandler.go:48.72,53.3 4 1
github.com/mohit2530/communityCare/handler/UserHandler.go:55.2,55.30 1 1
github.com/mohit2530/communityCare/handler/UserHandler.go:55.30,57.3 1 0
github.com/mohit2530/communityCare/handler/UserHandler.go:59.2,60.16 2 1
github.com/mohit2530/communityCare/handler/UserHandler.go:60.16,63.3 2 0
github.com/mohit2530/communityCare/handler/UserHandler.go:66.2,68.15 2 1
github.com/mohit2530/communityCare/handler/UserHandler.go:68.15,71.3 2 0
github.com/mohit2530/communityCare/handler/UserHandler.go:73.2,74.32 2 1
github.com/mohit2530/communityCare/handler/UserHandler.go:74.32,76.3 1 0
github.com/mohit2530/communityCare/handler/UserHandler.go:77.2,78.16 2 1
github.com/mohit2530/communityCare/handler/UserHandler.go:78.16,83.3 4 0
github.com/mohit2530/communityCare/handler/UserHandler.go:84.2,86.34 3 1
github.com/mohit2530/communityCare/handler/UserHandler.go:111.54,116.16 4 1
github.com/mohit2530/communityCare/handler/UserHandler.go:116.16,121.3 4 0
github.com/mohit2530/communityCare/handler/UserHandler.go:122.2,122.72 1 1
github.com/mohit2530/communityCare/handler/UserHandler.go:122.72,127.3 4 1
github.com/mohit2530/communityCare/handler/UserHandler.go:129.2,131.20 3 1
github.com/mohit2530/communityCare/handler/UserHandler.go:131.20,133.3 1 0
github.com/mohit2530/communityCare/handler/UserHandler.go:134.2,135.16 2 1
github.com/mohit2530/communityCare/handler/UserHandler.go:135.16,140.3 4 0
github.com/mohit2530/communityCare/handler/UserHandler.go:142.2,146.37 5 1
github.com/mohit2530/communityCare/handler/UserHandler.go:159.54,173.2 4 1
github.com/mohit2530/communityCare/handler/WebsocketHandler.go:18.43,20.4 1 0
github.com/mohit2530/communityCare/handler/WebsocketHandler.go:27.34,32.32 4 0
github.com/mohit2530/communityCare/handler/WebsocketHandler.go:32.32,37.17 3 0
github.com/mohit2530/communityCare/handler/WebsocketHandler.go:37.17,39.12 2 0
github.com/mohit2530/communityCare/handler/WebsocketHandler.go:41.3,42.17 2 0
github.com/mohit2530/communityCare/handler/WebsocketHandler.go:42.17,46.4 3 0
github.com/mohit2530/communityCare/handler/WebsocketHandler.go:51.62,57.16 4 0
github.com/mohit2530/communityCare/handler/WebsocketHandler.go:57.16,60.3 2 0
github.com/mohit2530/communityCare/handler/WebsocketHandler.go:61.2,61.15 1 0
github.com/mohit2530/communityCare/handler/WebsocketHandler.go:61.15,67.3 5 0
github.com/mohit2530/communityCare/handler/WebsocketHandler.go:69.2,77.6 6 0
github.com/mohit2530/communityCare/handler/WebsocketHandler.go:77.6,79.17 2 0
github.com/mohit2530/communityCare/handler/WebsocketHandler.go:79.17,81.9 2 0
github.com/mohit2530/communityCare/handler/WebsocketHandler.go:83.3,87.17 4 0
github.com/mohit2530/communityCare/handler/WebsocketHandler.go:87.17,89.9 2 0
github.com/mohit2530/communityCare/handler/WebsocketHandler.go:91.3,94.17 3 0
github.com/mohit2530/communityCare/handler/WebsocketHandler.go:94.17,96.9 2 0
github.com/mohit2530/communityCare/handler/WebsocketHandler.go:100.3,101.33 2 0
github.com/mohit2530/communityCare/handler/WebsocketHandler.go:101.33,103.18 2 0
github.com/mohit2530/communityCare/handler/WebsocketHandler.go:103.18,107.5 3 0
github.com/mohit2530/communityCare/handler/WebsocketHandler.go:109.3,109.20 1 0
