mode: set
github.com/mohit2530/communityCare/handler/CategoriesHandler.go:26.77,29.16 2 1
github.com/mohit2530/communityCare/handler/CategoriesHandler.go:29.16,35.3 4 1
github.com/mohit2530/communityCare/handler/CategoriesHandler.go:36.2,38.34 3 1
github.com/mohit2530/communityCare/handler/CategoriesHandler.go:68.75,73.16 4 0
github.com/mohit2530/communityCare/handler/CategoriesHandler.go:73.16,78.3 4 0
github.com/mohit2530/communityCare/handler/CategoriesHandler.go:79.2,80.16 2 0
github.com/mohit2530/communityCare/handler/CategoriesHandler.go:80.16,85.3 4 0
github.com/mohit2530/communityCare/handler/CategoriesHandler.go:86.2,88.34 3 0
github.com/mohit2530/communityCare/handler/CategoriesHandler.go:108.75,113.26 3 1
github.com/mohit2530/communityCare/handler/CategoriesHandler.go:113.26,118.3 4 0
github.com/mohit2530/communityCare/handler/CategoriesHandler.go:120.2,121.16 2 1
github.com/mohit2530/communityCare/handler/CategoriesHandler.go:121.16,127.3 4 0
github.com/mohit2530/communityCare/handler/CategoriesHandler.go:128.2,130.40 3 1
github.com/mohit2530/communityCare/handler/EventsHandler.go:26.80,30.2 3 1
github.com/mohit2530/communityCare/handler/EventsHandler.go:69.78,74.16 4 0
github.com/mohit2530/communityCare/handler/EventsHandler.go:74.16,79.3 4 0
github.com/mohit2530/communityCare/handler/EventsHandler.go:80.2,81.16 2 0
github.com/mohit2530/communityCare/handler/EventsHandler.go:81.16,86.3 4 0
github.com/mohit2530/communityCare/handler/EventsHandler.go:87.2,89.34 3 0
github.com/mohit2530/communityCare/handler/EventsHandler.go:109.79,113.23 3 1
github.com/mohit2530/communityCare/handler/EventsHandler.go:113.23,118.3 4 1
github.com/mohit2530/communityCare/handler/EventsHandler.go:120.2,121.16 2 1
github.com/mohit2530/communityCare/handler/EventsHandler.go:121.16,127.3 4 1
github.com/mohit2530/communityCare/handler/EventsHandler.go:128.2,130.34 3 1
github.com/mohit2530/communityCare/handler/EventsHandler.go:155.76,160.16 4 0
github.com/mohit2530/communityCare/handler/EventsHandler.go:160.16,165.3 4 0
github.com/mohit2530/communityCare/handler/EventsHandler.go:166.2,167.16 2 0
github.com/mohit2530/communityCare/handler/EventsHandler.go:167.16,172.3 4 0
github.com/mohit2530/communityCare/handler/EventsHandler.go:173.2,175.34 3 0
github.com/mohit2530/communityCare/handler/EventsHandler.go:188.83,191.16 2 1
github.com/mohit2530/communityCare/handler/EventsHandler.go:191.16,197.3 4 1
github.com/mohit2530/communityCare/handler/EventsHandler.go:198.2,200.34 3 1
github.com/mohit2530/communityCare/handler/InventoriesHandler.go:27.78,32.22 3 1
github.com/mohit2530/communityCare/handler/InventoriesHandler.go:32.22,37.3 4 1
github.com/mohit2530/communityCare/handler/InventoriesHandler.go:39.2,40.16 2 1
github.com/mohit2530/communityCare/handler/InventoriesHandler.go:40.16,45.3 4 1
github.com/mohit2530/communityCare/handler/InventoriesHandler.go:46.2,48.34 3 1
github.com/mohit2530/communityCare/handler/InventoriesHandler.go:61.77,67.22 4 0
github.com/mohit2530/communityCare/handler/InventoriesHandler.go:67.22,72.3 4 0
github.com/mohit2530/communityCare/handler/InventoriesHandler.go:73.2,73.21 1 0
github.com/mohit2530/communityCare/handler/InventoriesHandler.go:73.21,78.3 4 0
github.com/mohit2530/communityCare/handler/InventoriesHandler.go:80.2,81.16 2 0
github.com/mohit2530/communityCare/handler/InventoriesHandler.go:81.16,86.3 4 0
github.com/mohit2530/communityCare/handler/InventoriesHandler.go:88.2,90.34 3 0
github.com/mohit2530/communityCare/handler/InventoriesHandler.go:116.79,120.22 3 0
github.com/mohit2530/communityCare/handler/InventoriesHandler.go:120.22,125.3 4 0
github.com/mohit2530/communityCare/handler/InventoriesHandler.go:127.2,128.70 2 0
github.com/mohit2530/communityCare/handler/InventoriesHandler.go:128.70,132.3 3 0
github.com/mohit2530/communityCare/handler/InventoriesHandler.go:134.2,135.33 2 0
github.com/mohit2530/communityCare/handler/InventoriesHandler.go:135.33,138.17 2 0
github.com/mohit2530/communityCare/handler/InventoriesHandler.go:138.17,140.4 1 0
github.com/mohit2530/communityCare/handler/InventoriesHandler.go:142.3,143.17 2 0
github.com/mohit2530/communityCare/handler/InventoriesHandler.go:143.17,145.4 1 0
github.com/mohit2530/communityCare/handler/InventoriesHandler.go:146.3,161.56 2 0
github.com/mohit2530/communityCare/handler/InventoriesHandler.go:164.2,172.16 3 0
github.com/mohit2530/communityCare/handler/InventoriesHandler.go:172.16,176.3 3 0
github.com/mohit2530/communityCare/handler/InventoriesHandler.go:178.2,180.34 3 0
github.com/mohit2530/communityCare/handler/InventoriesHandler.go:205.76,209.22 3 1
github.com/mohit2530/communityCare/handler/InventoriesHandler.go:209.22,214.3 4 1
github.com/mohit2530/communityCare/handler/InventoriesHandler.go:216.2,217.67 2 1
github.com/mohit2530/communityCare/handler/InventoriesHandler.go:217.67,221.3 3 1
github.com/mohit2530/communityCare/handler/InventoriesHandler.go:223.2,224.16 2 1
github.com/mohit2530/communityCare/handler/InventoriesHandler.go:224.16,228.3 3 0
github.com/mohit2530/communityCare/handler/InventoriesHandler.go:230.2,232.34 3 1
github.com/mohit2530/communityCare/handler/InventoriesHandler.go:257.84,261.22 3 1
github.com/mohit2530/communityCare/handler/InventoriesHandler.go:261.22,266.3 4 1
github.com/mohit2530/communityCare/handler/InventoriesHandler.go:268.2,269.67 2 1
github.com/mohit2530/communityCare/handler/InventoriesHandler.go:269.67,273.3 3 1
github.com/mohit2530/communityCare/handler/InventoriesHandler.go:275.2,276.16 2 1
github.com/mohit2530/communityCare/handler/InventoriesHandler.go:276.16,280.3 3 0
github.com/mohit2530/communityCare/handler/InventoriesHandler.go:282.2,284.34 3 1
github.com/mohit2530/communityCare/handler/InventoriesHandler.go:309.84,313.22 3 1
github.com/mohit2530/communityCare/handler/InventoriesHandler.go:313.22,318.3 4 1
github.com/mohit2530/communityCare/handler/InventoriesHandler.go:320.2,321.79 2 1
github.com/mohit2530/communityCare/handler/InventoriesHandler.go:321.79,325.3 3 1
github.com/mohit2530/communityCare/handler/InventoriesHandler.go:327.2,328.42 2 1
github.com/mohit2530/communityCare/handler/InventoriesHandler.go:328.42,330.3 1 1
github.com/mohit2530/communityCare/handler/InventoriesHandler.go:332.2,333.16 2 1
github.com/mohit2530/communityCare/handler/InventoriesHandler.go:333.16,337.3 3 0
github.com/mohit2530/communityCare/handler/InventoriesHandler.go:339.2,341.34 3 1
github.com/mohit2530/communityCare/handler/NotesHandler.go:31.80,34.25 3 1
github.com/mohit2530/communityCare/handler/NotesHandler.go:34.25,39.3 4 1
github.com/mohit2530/communityCare/handler/NotesHandler.go:41.2,42.16 2 1
github.com/mohit2530/communityCare/handler/NotesHandler.go:42.16,47.3 4 1
github.com/mohit2530/communityCare/handler/NotesHandler.go:49.2,50.16 2 1
github.com/mohit2530/communityCare/handler/NotesHandler.go:50.16,55.3 4 1
github.com/mohit2530/communityCare/handler/NotesHandler.go:56.2,58.34 3 1
github.com/mohit2530/communityCare/handler/NotesHandler.go:83.71,87.22 3 1
github.com/mohit2530/communityCare/handler/NotesHandler.go:87.22,92.3 4 1
github.com/mohit2530/communityCare/handler/NotesHandler.go:94.2,95.62 2 1
github.com/mohit2530/communityCare/handler/NotesHandler.go:95.62,99.3 3 1
github.com/mohit2530/communityCare/handler/NotesHandler.go:101.2,102.16 2 1
github.com/mohit2530/communityCare/handler/NotesHandler.go:102.16,106.3 3 1
github.com/mohit2530/communityCare/handler/NotesHandler.go:108.2,110.34 3 1
github.com/mohit2530/communityCare/handler/NotesHandler.go:135.71,139.22 3 1
github.com/mohit2530/communityCare/handler/NotesHandler.go:139.22,144.3 4 1
github.com/mohit2530/communityCare/handler/NotesHandler.go:146.2,147.62 2 1
github.com/mohit2530/communityCare/handler/NotesHandler.go:147.62,151.3 3 1
github.com/mohit2530/communityCare/handler/NotesHandler.go:153.2,154.16 2 1
github.com/mohit2530/communityCare/handler/NotesHandler.go:154.16,158.3 3 1
github.com/mohit2530/communityCare/handler/NotesHandler.go:160.2,162.34 3 1
github.com/mohit2530/communityCare/handler/NotesHandler.go:182.79,187.22 4 1
github.com/mohit2530/communityCare/handler/NotesHandler.go:187.22,192.3 4 1
github.com/mohit2530/communityCare/handler/NotesHandler.go:194.2,194.22 1 1
github.com/mohit2530/communityCare/handler/NotesHandler.go:194.22,199.3 4 1
github.com/mohit2530/communityCare/handler/NotesHandler.go:201.2,205.16 4 0
github.com/mohit2530/communityCare/handler/NotesHandler.go:205.16,209.3 3 0
github.com/mohit2530/communityCare/handler/NotesHandler.go:211.2,213.37 3 0
github.com/mohit2530/communityCare/handler/NotificationHandler.go:26.87,30.2 3 1
github.com/mohit2530/communityCare/handler/NotificationHandler.go:51.80,56.22 3 1
github.com/mohit2530/communityCare/handler/NotificationHandler.go:56.22,61.3 4 1
github.com/mohit2530/communityCare/handler/NotificationHandler.go:63.2,64.16 2 1
github.com/mohit2530/communityCare/handler/NotificationHandler.go:64.16,69.3 4 1
github.com/mohit2530/communityCare/handler/NotificationHandler.go:70.2,72.34 3 1
github.com/mohit2530/communityCare/handler/NotificationHandler.go:104.85,109.22 3 1
github.com/mohit2530/communityCare/handler/NotificationHandler.go:109.22,114.3 4 1
github.com/mohit2530/communityCare/handler/NotificationHandler.go:116.2,118.30 2 1
github.com/mohit2530/communityCare/handler/NotificationHandler.go:118.30,123.3 4 0
github.com/mohit2530/communityCare/handler/NotificationHandler.go:125.2,126.77 2 1
github.com/mohit2530/communityCare/handler/NotificationHandler.go:126.77,130.3 3 0
github.com/mohit2530/communityCare/handler/NotificationHandler.go:132.2,133.16 2 1
github.com/mohit2530/communityCare/handler/NotificationHandler.go:133.16,138.3 4 0
github.com/mohit2530/communityCare/handler/NotificationHandler.go:139.2,141.34 3 1
github.com/mohit2530/communityCare/handler/ProfileHandler.go:28.82,32.2 3 1
github.com/mohit2530/communityCare/handler/ProfileHandler.go:44.79,47.16 2 1
github.com/mohit2530/communityCare/handler/ProfileHandler.go:47.16,53.3 4 1
github.com/mohit2530/communityCare/handler/ProfileHandler.go:54.2,56.34 3 1
github.com/mohit2530/communityCare/handler/ProfileHandler.go:76.71,81.22 3 1
github.com/mohit2530/communityCare/handler/ProfileHandler.go:81.22,86.3 4 0
github.com/mohit2530/communityCare/handler/ProfileHandler.go:88.2,89.16 2 1
github.com/mohit2530/communityCare/handler/ProfileHandler.go:89.16,95.3 4 1
github.com/mohit2530/communityCare/handler/ProfileHandler.go:96.2,98.34 3 1
github.com/mohit2530/communityCare/handler/ProfileHandler.go:118.72,123.22 3 1
github.com/mohit2530/communityCare/handler/ProfileHandler.go:123.22,128.3 4 0
github.com/mohit2530/communityCare/handler/ProfileHandler.go:130.2,131.16 2 1
github.com/mohit2530/communityCare/handler/ProfileHandler.go:131.16,137.3 4 1
github.com/mohit2530/communityCare/handler/ProfileHandler.go:140.2,144.38 4 1
github.com/mohit2530/communityCare/handler/ProfileHandler.go:164.74,168.22 3 1
github.com/mohit2530/communityCare/handler/ProfileHandler.go:168.22,173.3 4 0
github.com/mohit2530/communityCare/handler/ProfileHandler.go:175.2,176.72 2 1
github.com/mohit2530/communityCare/handler/ProfileHandler.go:176.72,180.3 3 1
github.com/mohit2530/communityCare/handler/ProfileHandler.go:182.2,183.16 2 1
github.com/mohit2530/communityCare/handler/ProfileHandler.go:183.16,187.3 3 0
github.com/mohit2530/communityCare/handler/ProfileHandler.go:189.2,191.34 3 1
github.com/mohit2530/communityCare/handler/ProfileHandler.go:216.80,219.22 3 0
github.com/mohit2530/communityCare/handler/ProfileHandler.go:219.22,224.3 4 0
github.com/mohit2530/communityCare/handler/ProfileHandler.go:226.2,227.16 2 0
github.com/mohit2530/communityCare/handler/ProfileHandler.go:227.16,231.3 3 0
github.com/mohit2530/communityCare/handler/ProfileHandler.go:233.2,234.16 2 0
github.com/mohit2530/communityCare/handler/ProfileHandler.go:234.16,238.3 3 0
github.com/mohit2530/communityCare/handler/ProfileHandler.go:239.2,243.16 3 0
github.com/mohit2530/communityCare/handler/ProfileHandler.go:243.16,246.3 2 0
github.com/mohit2530/communityCare/handler/ProfileHandler.go:248.2,249.16 2 0
github.com/mohit2530/communityCare/handler/ProfileHandler.go:249.16,253.3 3 0
github.com/mohit2530/communityCare/handler/ProfileHandler.go:255.2,257.34 3 0
github.com/mohit2530/communityCare/handler/ProfileHandler.go:278.84,281.25 3 1
github.com/mohit2530/communityCare/handler/ProfileHandler.go:281.25,286.3 4 1
github.com/mohit2530/communityCare/handler/ProfileHandler.go:288.2,289.16 2 1
github.com/mohit2530/communityCare/handler/ProfileHandler.go:289.16,294.3 4 1
github.com/mohit2530/communityCare/handler/ProfileHandler.go:296.2,297.16 2 1
github.com/mohit2530/communityCare/handler/ProfileHandler.go:297.16,302.3 4 1
github.com/mohit2530/communityCare/handler/ProfileHandler.go:303.2,305.34 3 1
github.com/mohit2530/communityCare/handler/ProfileHandler.go:325.84,328.25 3 1
github.com/mohit2530/communityCare/handler/ProfileHandler.go:328.25,333.3 4 1
github.com/mohit2530/communityCare/handler/ProfileHandler.go:335.2,336.16 2 1
github.com/mohit2530/communityCare/handler/ProfileHandler.go:336.16,341.3 4 1
github.com/mohit2530/communityCare/handler/ProfileHandler.go:343.2,344.16 2 1
github.com/mohit2530/communityCare/handler/ProfileHandler.go:344.16,349.3 4 1
github.com/mohit2530/communityCare/handler/ProfileHandler.go:350.2,352.34 3 1
github.com/mohit2530/communityCare/handler/UserHandler.go:37.54,42.16 4 1
github.com/mohit2530/communityCare/handler/UserHandler.go:42.16,47.3 4 0
github.com/mohit2530/communityCare/handler/UserHandler.go:48.2,48.72 1 1
github.com/mohit2530/communityCare/handler/UserHandler.go:48.72,53.3 4 1
github.com/mohit2530/communityCare/handler/UserHandler.go:55.2,55.30 1 1
github.com/mohit2530/communityCare/handler/UserHandler.go:55.30,57.3 1 0
github.com/mohit2530/communityCare/handler/UserHandler.go:59.2,60.16 2 1
github.com/mohit2530/communityCare/handler/UserHandler.go:60.16,63.3 2 0
github.com/mohit2530/communityCare/handler/UserHandler.go:66.2,68.15 2 1
github.com/mohit2530/communityCare/handler/UserHandler.go:68.15,71.3 2 0
github.com/mohit2530/communityCare/handler/UserHandler.go:73.2,74.32 2 1
github.com/mohit2530/communityCare/handler/UserHandler.go:74.32,76.3 1 0
github.com/mohit2530/communityCare/handler/UserHandler.go:77.2,78.16 2 1
github.com/mohit2530/communityCare/handler/UserHandler.go:78.16,83.3 4 0
github.com/mohit2530/communityCare/handler/UserHandler.go:84.2,86.34 3 1
github.com/mohit2530/communityCare/handler/UserHandler.go:111.54,116.16 4 1
github.com/mohit2530/communityCare/handler/UserHandler.go:116.16,121.3 4 0
github.com/mohit2530/communityCare/handler/UserHandler.go:122.2,122.72 1 1
github.com/mohit2530/communityCare/handler/UserHandler.go:122.72,127.3 4 1
github.com/mohit2530/communityCare/handler/UserHandler.go:129.2,131.20 3 1
github.com/mohit2530/communityCare/handler/UserHandler.go:131.20,133.3 1 0
github.com/mohit2530/communityCare/handler/UserHandler.go:134.2,135.16 2 1
github.com/mohit2530/communityCare/handler/UserHandler.go:135.16,140.3 4 0
github.com/mohit2530/communityCare/handler/UserHandler.go:142.2,146.37 5 1
github.com/mohit2530/communityCare/handler/UserHandler.go:159.54,173.2 4 1
github.com/mohit2530/communityCare/handler/WebsocketHandler.go:18.43,20.4 1 0
github.com/mohit2530/communityCare/handler/WebsocketHandler.go:27.34,32.32 4 0
github.com/mohit2530/communityCare/handler/WebsocketHandler.go:32.32,37.17 3 0
github.com/mohit2530/communityCare/handler/WebsocketHandler.go:37.17,39.12 2 0
github.com/mohit2530/communityCare/handler/WebsocketHandler.go:41.3,42.17 2 0
github.com/mohit2530/communityCare/handler/WebsocketHandler.go:42.17,46.4 3 0
github.com/mohit2530/communityCare/handler/WebsocketHandler.go:51.62,57.16 4 0
github.com/mohit2530/communityCare/handler/WebsocketHandler.go:57.16,60.3 2 0
github.com/mohit2530/communityCare/handler/WebsocketHandler.go:61.2,61.15 1 0
github.com/mohit2530/communityCare/handler/WebsocketHandler.go:61.15,67.3 5 0
github.com/mohit2530/communityCare/handler/WebsocketHandler.go:69.2,77.6 6 0
github.com/mohit2530/communityCare/handler/WebsocketHandler.go:77.6,79.17 2 0
github.com/mohit2530/communityCare/handler/WebsocketHandler.go:79.17,81.9 2 0
github.com/mohit2530/communityCare/handler/WebsocketHandler.go:83.3,87.17 4 0
github.com/mohit2530/communityCare/handler/WebsocketHandler.go:87.17,89.9 2 0
github.com/mohit2530/communityCare/handler/WebsocketHandler.go:91.3,94.17 3 0
github.com/mohit2530/communityCare/handler/WebsocketHandler.go:94.17,96.9 2 0
github.com/mohit2530/communityCare/handler/WebsocketHandler.go:100.3,101.33 2 0
github.com/mohit2530/communityCare/handler/WebsocketHandler.go:101.33,103.18 2 0
github.com/mohit2530/communityCare/handler/WebsocketHandler.go:103.18,107.5 3 0
github.com/mohit2530/communityCare/handler/WebsocketHandler.go:109.3,109.20 1 0
